<?xml version="1.0" encoding="UTF-8"?>
<!-- Generated by org.testng.reporters.JUnitReportReporter -->
<testsuite hostname="LAPTOP-RBLFDP3S" failures="0" tests="1" name="com.cvss.project.tests.BaseScoreTests" time="4.374" errors="0" timestamp="2024-04-14T23:41:54 PDT" skipped="0">
  <testcase classname="com.cvss.project.tests.BaseScoreTests" name="user_opens_url" time="4.374"/>
  <system-out/>
</testsuite> <!-- com.cvss.project.tests.BaseScoreTests -->
