<?xml version="1.0" encoding="UTF-8"?>
<!-- Generated by org.testng.reporters.JUnitReportReporter -->
<testsuite hostname="LAPTOP-RBLFDP3S" failures="0" tests="1" name="com.cvss.project.tests.BaseScoreTests" time="39.322" errors="0" timestamp="2024-04-27T17:25:33 PDT" skipped="0">
  <testcase classname="com.cvss.project.tests.BaseScoreTests" name="user_opens_url" time="39.322"/>
  <system-out/>
</testsuite> <!-- com.cvss.project.tests.BaseScoreTests -->
